<?xml version="1.0" encoding="UTF-8"?>
<testsuite name="ru.stqa.pft.sandbox.PointTests" tests="1" skipped="0" failures="0" errors="0" timestamp="2020-10-01T13:49:09" hostname="LAPTOP-0GT75JCF" time="0.007">
  <properties/>
  <testcase name="distanceTest2" classname="ru.stqa.pft.sandbox.PointTests" time="0.007"/>
  <system-out><![CDATA[]]></system-out>
  <system-err><![CDATA[]]></system-err>
</testsuite>
