<?xml version="1.0" encoding="UTF-8"?>
<testsuite name="ru.stqa.pft.sandbox.EquationTests" tests="6" skipped="0" failures="0" errors="0" timestamp="2020-10-12T09:35:45" hostname="LAPTOP-0GT75JCF" time="0.016">
  <properties/>
  <testcase name="test0" classname="ru.stqa.pft.sandbox.EquationTests" time="0.009"/>
  <testcase name="test1" classname="ru.stqa.pft.sandbox.EquationTests" time="0.0"/>
  <testcase name="test2" classname="ru.stqa.pft.sandbox.EquationTests" time="0.0"/>
  <testcase name="testConstant" classname="ru.stqa.pft.sandbox.EquationTests" time="0.0"/>
  <testcase name="testLinear" classname="ru.stqa.pft.sandbox.EquationTests" time="0.001"/>
  <testcase name="testZero" classname="ru.stqa.pft.sandbox.EquationTests" time="0.0"/>
  <system-out><![CDATA[]]></system-out>
  <system-err><![CDATA[]]></system-err>
</testsuite>
